malloc (call #1 in tests/units/mocks.c::test_abort_atexit(), l. 287): error not handled
malloc (call #1 in tests/units/mocks.c::test_delay(), l. 277): error not handled
malloc (call #1 in tests/units/mocks.c::test_delay(), l. 277): error not handled
malloc (call #1 in tests/units/mocks.c::test_delay(), l. 277): error not handled
malloc (call #1 in tests/units/mocks.c::test_delay(), l. 277): error not handled
malloc (call #1 in tests/units/mocks.c::test_delay(), l. 277): error not handled
malloc (call #1 in tests/units/mocks.c::test_delay(), l. 277): error not handled
malloc (call #1 in tests/units/mocks.c::test_delay(), l. 277): error not handled
malloc (call #1 in tests/units/mocks.c::test_delay(), l. 277): error not handled
malloc (call #1 in tests/units/mocks.c::test_delay(), l. 277): error not handled
malloc (call #1 in tests/units/mocks.c::test_delay(), l. 277): error not handled
malloc (call #1 in tests/units/mocks.c::test_fullerrors(), l. 332): error not handled
Predefined malloc mock error (status 0, signal ABRT)
calloc (call #1 in tests/units/mocks.c::test_fullerrors(), l. 333): error not handled
Predefined calloc mock error (status 0, signal ABRT)
pipe (call #1 in tests/units/mocks.c::test_fullerrors(), l. 335): error not handled
Predefined pipe mock error (status 0, signal ABRT)
fork (call #1 in tests/units/mocks.c::test_fullerrors(), l. 334): error not handled
Predefined fork mock error (status 0, signal ABRT)
dup2 (call #1 in tests/units/mocks.c::test_fullerrors(), l. 340): error not handled
Predefined dup2 mock error (status 0, signal ABRT)
close (call #1 in tests/units/mocks.c::test_fullerrors(), l. 348): error not handled
Predefined close mock error (status 0, signal ABRT)
read (call #1 in tests/units/mocks.c::test_fullerrors(), l. 349): error not handled
Predefined read mock error (status 0, signal ABRT)
write (call #1 in tests/units/mocks.c::test_fullerrors(), l. 350): error not handled
Predefined write mock error (status 0, signal ABRT)
ferror (call #1 in tests/units/mocks.c::test_fullerrors(), l. 351): error not handled
Predefined ferror mock error (status 0, signal ABRT)
fopen (call #1 in tests/units/mocks.c::test_fullerrors(), l. 352): error not handled
Predefined fopen mock error (status 0, signal ABRT)
fseek (call #1 in tests/units/mocks.c::test_fullerrors(), l. 353): error not handled
Predefined fseek mock error (status 0, signal ABRT)
ftell (call #1 in tests/units/mocks.c::test_fullerrors(), l. 354): error not handled
Predefined ftell mock error (status 0, signal ABRT)
fread (call #1 in tests/units/mocks.c::test_fullerrors(), l. 355): error not handled
Predefined fread mock error (status 0, signal ABRT)
fwrite (call #1 in tests/units/mocks.c::test_fullerrors(), l. 356): error not handled
Predefined fwrite mock error (status 0, signal ABRT)
fscanf (call #1 in tests/units/mocks.c::test_fullerrors(), l. 357): error not handled
Predefined fscanf mock error (status 0, signal ABRT)
fileno (call #1 in tests/units/mocks.c::test_fullerrors(), l. 358): error not handled
Predefined fileno mock error (status 0, signal ABRT)
hcreate (call #1 in tests/units/mocks.c::test_fullerrors(), l. 359): error not handled
Predefined hcreate mock error (status 0, signal ABRT)
hsearch (call #1 in tests/units/mocks.c::test_fullerrors(), l. 365): error not handled
Predefined hsearch mock error (status 0, signal ABRT)
Predefined none mock error (status 1, signal 0)
free mocked
sccroll_run mocked: nothing executed.
sccroll_run mocked: flag seen.
